[debug] [2020-07-22T14:49:49.488Z] ----------------------------------------------------------------------
[debug] [2020-07-22T14:49:49.493Z] Command:       C:\Program Files\nodejs\node.exe C:\Users\tyron\AppData\Roaming\npm\node_modules\firebase-tools\lib\bin\firebase.js deploy --except functions
[debug] [2020-07-22T14:49:49.494Z] CLI Version:   8.6.0
[debug] [2020-07-22T14:49:49.494Z] Platform:      win32
[debug] [2020-07-22T14:49:49.494Z] Node Version:  v12.18.0
[debug] [2020-07-22T14:49:49.497Z] Time:          Wed Jul 22 2020 16:49:49 GMT+0200 (Central European Summer Time)
[debug] [2020-07-22T14:49:49.498Z] ----------------------------------------------------------------------
[debug] [2020-07-22T14:49:49.498Z] 
[debug] [2020-07-22T14:49:49.539Z] > command requires scopes: ["email","openid","https://www.googleapis.com/auth/cloudplatformprojects.readonly","https://www.googleapis.com/auth/firebase","https://www.googleapis.com/auth/cloud-platform"]
[debug] [2020-07-22T14:49:49.541Z] > authorizing via signed-in user
[debug] [2020-07-22T14:49:49.541Z] [iam] checking project friendlychat-199ef for permissions ["datastore.indexes.create","datastore.indexes.delete","datastore.indexes.list","datastore.indexes.update","firebase.projects.get","firebasehosting.sites.update","firebaserules.releases.create","firebaserules.releases.update","firebaserules.rulesets.create"]
[debug] [2020-07-22T14:49:49.548Z] >>> HTTP REQUEST POST https://cloudresourcemanager.googleapis.com/v1/projects/friendlychat-199ef:testIamPermissions  
 {"permissions":["datastore.indexes.create","datastore.indexes.delete","datastore.indexes.list","datastore.indexes.update","firebase.projects.get","firebasehosting.sites.update","firebaserules.releases.create","firebaserules.releases.update","firebaserules.rulesets.create"]}
[debug] [2020-07-22T14:49:50.563Z] <<< HTTP RESPONSE 200 {"content-type":"application/json; charset=UTF-8","vary":"X-Origin, Referer, Origin,Accept-Encoding","date":"Wed, 22 Jul 2020 14:49:50 GMT","server":"ESF","cache-control":"private","x-xss-protection":"0","x-frame-options":"SAMEORIGIN","x-content-type-options":"nosniff","server-timing":"gfet4t7; dur=820","alt-svc":"h3-29=\":443\"; ma=2592000,h3-27=\":443\"; ma=2592000,h3-25=\":443\"; ma=2592000,h3-T050=\":443\"; ma=2592000,h3-Q050=\":443\"; ma=2592000,h3-Q046=\":443\"; ma=2592000,h3-Q043=\":443\"; ma=2592000,quic=\":443\"; ma=2592000; v=\"46,43\"","accept-ranges":"none","transfer-encoding":"chunked"}
[debug] [2020-07-22T14:49:50.570Z] >>> HTTP REQUEST GET https://firebase.googleapis.com/v1beta1/projects/friendlychat-199ef  
 
[debug] [2020-07-22T14:49:50.946Z] <<< HTTP RESPONSE 200 {"content-type":"application/json; charset=UTF-8","vary":"X-Origin, Referer, Origin,Accept-Encoding","date":"Wed, 22 Jul 2020 14:49:50 GMT","server":"ESF","cache-control":"private","x-xss-protection":"0","x-frame-options":"SAMEORIGIN","x-content-type-options":"nosniff","alt-svc":"h3-29=\":443\"; ma=2592000,h3-27=\":443\"; ma=2592000,h3-25=\":443\"; ma=2592000,h3-T050=\":443\"; ma=2592000,h3-Q050=\":443\"; ma=2592000,h3-Q046=\":443\"; ma=2592000,h3-Q043=\":443\"; ma=2592000,quic=\":443\"; ma=2592000; v=\"46,43\"","accept-ranges":"none","transfer-encoding":"chunked"}
[debug] [2020-07-22T14:50:22.728Z] getFunctionsSDKVersion was unable to retrieve 'firebase-functions' version
[info] 
[info] === Deploying to 'friendlychat-199ef'...
[info] 
[info] i  deploying storage, firestore, hosting 
[debug] [2020-07-22T14:50:22.733Z] >>> HTTP REQUEST GET https://appengine.googleapis.com/v1/apps/friendlychat-199ef  
 
[debug] [2020-07-22T14:50:23.400Z] <<< HTTP RESPONSE 200 {"content-type":"application/json; charset=UTF-8","vary":"X-Origin, Referer, Origin,Accept-Encoding","date":"Wed, 22 Jul 2020 14:50:23 GMT","server":"ESF","cache-control":"private","x-xss-protection":"0","x-frame-options":"SAMEORIGIN","x-content-type-options":"nosniff","alt-svc":"h3-29=\":443\"; ma=2592000,h3-27=\":443\"; ma=2592000,h3-25=\":443\"; ma=2592000,h3-T050=\":443\"; ma=2592000,h3-Q050=\":443\"; ma=2592000,h3-Q046=\":443\"; ma=2592000,h3-Q043=\":443\"; ma=2592000,quic=\":443\"; ma=2592000; v=\"46,43\"","accept-ranges":"none","transfer-encoding":"chunked"}
[info] i  firebase.storage: checking storage.rules for compilation errors... 
[debug] [2020-07-22T14:50:23.451Z] >>> HTTP REQUEST POST https://firebaserules.googleapis.com/v1/projects/friendlychat-199ef:test  
 {"source":{"files":[{"name":"storage.rules","content":"// Returns true if the uploaded file is an image and its size is below the given number of MB.\nfunction isImageBelowMaxSize(maxSizeMB) {\n  return request.resource.size < maxSizeMB * 1024 * 1024\n      && request.resource.contentType.matches('image/.*');\n}\n\nservice firebase.storage {\n  match /b/{bucket}/o {\n    match /{userId}/{messageId}/{fileName} {\n      allow write: if request.auth != null && request.auth.uid == userId && isImageBelowMaxSize(5);\n      allow read;\n    }\n  }\n}"}]}}
[debug] [2020-07-22T14:50:24.659Z] <<< HTTP RESPONSE 200 {"content-type":"application/json; charset=UTF-8","vary":"X-Origin, Referer, Origin,Accept-Encoding","date":"Wed, 22 Jul 2020 14:50:24 GMT","server":"ESF","cache-control":"private","x-xss-protection":"0","x-frame-options":"SAMEORIGIN","x-content-type-options":"nosniff","alt-svc":"h3-29=\":443\"; ma=2592000,h3-27=\":443\"; ma=2592000,h3-25=\":443\"; ma=2592000,h3-T050=\":443\"; ma=2592000,h3-Q050=\":443\"; ma=2592000,h3-Q046=\":443\"; ma=2592000,h3-Q043=\":443\"; ma=2592000,quic=\":443\"; ma=2592000; v=\"46,43\"","accept-ranges":"none","transfer-encoding":"chunked"}
[warn] !  [W] undefined:undefined - Ruleset uses old version (version [1]). Please update to the latest version (version [2]). 
[info] +  firebase.storage: rules file storage.rules compiled successfully 
[info] i  cloud.firestore: checking firestore.rules for compilation errors... 
[debug] [2020-07-22T14:50:24.665Z] >>> HTTP REQUEST POST https://firebaserules.googleapis.com/v1/projects/friendlychat-199ef:test  
 {"source":{"files":[{"name":"firestore.rules","content":"service cloud.firestore {\n  match /databases/{database}/documents {\n    // Messages:\n    //   - Anyone can read.\n    //   - Authenticated users can add and edit messages.\n    //   - Validation: Check name is same as auth token and text length below 300 char or that imageUrl is a URL.\n    //   - Deletes are not allowed.\n    match /messages/{messageId} {\n      allow read;\n      allow create, update: if request.auth != null\n                    && request.resource.data.name == request.auth.token.name\n                    && (request.resource.data.text is string\n                      && request.resource.data.text.size() <= 300\n                      || request.resource.data.imageUrl is string\n                      && request.resource.data.imageUrl.matches('https?://.*'));\n      allow delete: if false;\n    }\n    // FCM Tokens:\n    //   - Anyone can write their token.\n    //   - Reading list of tokens is not allowed.\n    match /fcmTokens/{token} {\n      allow read: if false;\n      allow write;\n    }\n  }\n}"}]}}
[debug] [2020-07-22T14:50:25.816Z] <<< HTTP RESPONSE 200 {"content-type":"application/json; charset=UTF-8","vary":"X-Origin, Referer, Origin,Accept-Encoding","date":"Wed, 22 Jul 2020 14:50:25 GMT","server":"ESF","cache-control":"private","x-xss-protection":"0","x-frame-options":"SAMEORIGIN","x-content-type-options":"nosniff","alt-svc":"h3-29=\":443\"; ma=2592000,h3-27=\":443\"; ma=2592000,h3-25=\":443\"; ma=2592000,h3-T050=\":443\"; ma=2592000,h3-Q050=\":443\"; ma=2592000,h3-Q046=\":443\"; ma=2592000,h3-Q043=\":443\"; ma=2592000,quic=\":443\"; ma=2592000; v=\"46,43\"","accept-ranges":"none","transfer-encoding":"chunked"}
[warn] !  [W] undefined:undefined - Ruleset uses old version (version [1]). Please update to the latest version (version [2]). 
[info] +  cloud.firestore: rules file firestore.rules compiled successfully 
[debug] [2020-07-22T14:50:25.831Z] >>> HTTP REQUEST POST https://firebasehosting.googleapis.com/v1beta1/sites/friendlychat-199ef/versions  
 {"config":{},"labels":{"deployment-tool":"cli-firebase"}}
[debug] [2020-07-22T14:50:27.368Z] <<< HTTP RESPONSE 200 {"content-type":"application/json; charset=UTF-8","vary":"X-Origin, Referer, Origin,Accept-Encoding","date":"Wed, 22 Jul 2020 14:50:27 GMT","server":"ESF","cache-control":"private","x-xss-protection":"0","x-frame-options":"SAMEORIGIN","x-content-type-options":"nosniff","alt-svc":"h3-29=\":443\"; ma=2592000,h3-27=\":443\"; ma=2592000,h3-T050=\":443\"; ma=2592000,h3-Q050=\":443\"; ma=2592000,h3-Q046=\":443\"; ma=2592000,h3-Q043=\":443\"; ma=2592000,quic=\":443\"; ma=2592000; v=\"46,43\"","accept-ranges":"none","transfer-encoding":"chunked"}
[debug] [2020-07-22T14:50:27.378Z] >>> HTTP REQUEST GET https://firebaserules.googleapis.com/v1/projects/friendlychat-199ef/releases?pageSize=10&pageToken=  
 
[debug] [2020-07-22T14:50:28.499Z] <<< HTTP RESPONSE 200 {"content-type":"application/json; charset=UTF-8","vary":"X-Origin, Referer, Origin,Accept-Encoding","date":"Wed, 22 Jul 2020 14:50:28 GMT","server":"ESF","cache-control":"private","x-xss-protection":"0","x-frame-options":"SAMEORIGIN","x-content-type-options":"nosniff","alt-svc":"h3-29=\":443\"; ma=2592000,h3-27=\":443\"; ma=2592000,h3-25=\":443\"; ma=2592000,h3-T050=\":443\"; ma=2592000,h3-Q050=\":443\"; ma=2592000,h3-Q046=\":443\"; ma=2592000,h3-Q043=\":443\"; ma=2592000,quic=\":443\"; ma=2592000; v=\"46,43\"","accept-ranges":"none","transfer-encoding":"chunked"}
[debug] [2020-07-22T14:50:28.501Z] >>> HTTP REQUEST GET https://firebaserules.googleapis.com/v1/projects/friendlychat-199ef/rulesets/83aa1b5a-b5d4-42a2-91e3-bd3e326affed  
 
[debug] [2020-07-22T14:50:30.118Z] <<< HTTP RESPONSE 200 {"content-type":"application/json; charset=UTF-8","vary":"X-Origin, Referer, Origin,Accept-Encoding","date":"Wed, 22 Jul 2020 14:50:30 GMT","server":"ESF","cache-control":"private","x-xss-protection":"0","x-frame-options":"SAMEORIGIN","x-content-type-options":"nosniff","alt-svc":"h3-29=\":443\"; ma=2592000,h3-27=\":443\"; ma=2592000,h3-25=\":443\"; ma=2592000,h3-T050=\":443\"; ma=2592000,h3-Q050=\":443\"; ma=2592000,h3-Q046=\":443\"; ma=2592000,h3-Q043=\":443\"; ma=2592000,quic=\":443\"; ma=2592000; v=\"46,43\"","accept-ranges":"none","transfer-encoding":"chunked"}
[info] i  storage: latest version of storage.rules already up to date, skipping upload... 
[debug] [2020-07-22T14:50:30.126Z] No Firestore indexes present.
[debug] [2020-07-22T14:50:30.126Z] >>> HTTP REQUEST GET https://firebaserules.googleapis.com/v1/projects/friendlychat-199ef/releases?pageSize=10&pageToken=  
 
[debug] [2020-07-22T14:50:31.231Z] <<< HTTP RESPONSE 200 {"content-type":"application/json; charset=UTF-8","vary":"X-Origin, Referer, Origin,Accept-Encoding","date":"Wed, 22 Jul 2020 14:50:31 GMT","server":"ESF","cache-control":"private","x-xss-protection":"0","x-frame-options":"SAMEORIGIN","x-content-type-options":"nosniff","alt-svc":"h3-29=\":443\"; ma=2592000,h3-27=\":443\"; ma=2592000,h3-25=\":443\"; ma=2592000,h3-T050=\":443\"; ma=2592000,h3-Q050=\":443\"; ma=2592000,h3-Q046=\":443\"; ma=2592000,h3-Q043=\":443\"; ma=2592000,quic=\":443\"; ma=2592000; v=\"46,43\"","accept-ranges":"none","transfer-encoding":"chunked"}
[debug] [2020-07-22T14:50:31.232Z] >>> HTTP REQUEST GET https://firebaserules.googleapis.com/v1/projects/friendlychat-199ef/rulesets/8a447219-48fe-43a8-9c5f-b068246cd6ea  
 
[debug] [2020-07-22T14:50:32.673Z] <<< HTTP RESPONSE 200 {"content-type":"application/json; charset=UTF-8","vary":"X-Origin, Referer, Origin,Accept-Encoding","date":"Wed, 22 Jul 2020 14:50:32 GMT","server":"ESF","cache-control":"private","x-xss-protection":"0","x-frame-options":"SAMEORIGIN","x-content-type-options":"nosniff","alt-svc":"h3-29=\":443\"; ma=2592000,h3-27=\":443\"; ma=2592000,h3-25=\":443\"; ma=2592000,h3-T050=\":443\"; ma=2592000,h3-Q050=\":443\"; ma=2592000,h3-Q046=\":443\"; ma=2592000,h3-Q043=\":443\"; ma=2592000,quic=\":443\"; ma=2592000; v=\"46,43\"","accept-ranges":"none","transfer-encoding":"chunked"}
[info] i  firestore: latest version of firestore.rules already up to date, skipping upload... 
[info] i  hosting[friendlychat-199ef]: beginning deploy... 
[info] i  hosting[friendlychat-199ef]: found 8 files in ./public 
[debug] [2020-07-22T14:50:32.797Z] [hosting] hash cache [cHVibGlj] stored for 8 files
[debug] [2020-07-22T14:50:32.798Z] [hosting][hash queue][FINAL] {"max":6,"min":2,"avg":2,"active":0,"complete":8,"success":8,"errored":0,"retried":0,"total":8,"elapsed":16}
[debug] [2020-07-22T14:50:32.799Z] >>> HTTP REQUEST POST https://firebasehosting.googleapis.com/v1beta1/sites/friendlychat-199ef/versions/77be95b5ef6ae7f2:populateFiles  
 <request body omitted>
